root@e5541a9c1069:/dockershare/ssd# python seqproc_experiments.py -d

Processing for 3 0 0 ...
Converting tags txt to tags csv
Converting tags CSV to classification CSV...
Converting video frame JSONs to window CSVs...
Converting window CSVs to train/test split...
Model training started...
Crossval F1: 0.72 (+/- 0.05)
GaussianNB F1 score: 0.724550898204
Confusion matrix
[[322 158]
 [210 484]]
AUC Score: 0.684119836695

Processing for 3 1 0 ...
Converting tags txt to tags csv
Converting tags CSV to classification CSV...
Converting video frame JSONs to window CSVs...
Converting window CSVs to train/test split...
Model training started...
Crossval F1: 0.85 (+/- 0.02)
MLPClassifier F1 score: 0.825796886583
Confusion matrix
[[382  98]
 [137 557]]
AUC Score: 0.799213496638

Processing for 3 2 0 ...
Converting tags txt to tags csv
Converting tags CSV to classification CSV...
Converting video frame JSONs to window CSVs...
Converting window CSVs to train/test split...
Model training started...
Crossval F1: 0.77 (+/- 0.04)
SVC F1 score: 0.769113149847
Confusion matrix
[[369 111]
 [191 503]]
AUC Score: 0.746766930836

Processing for 3 3 0 ...
Converting tags txt to tags csv
Converting tags CSV to classification CSV...
Converting video frame JSONs to window CSVs...
Converting window CSVs to train/test split...
Model training started...
Crossval F1: 0.89 (+/- 0.02)
AdaBoostClassifier F1 score: 0.837375178317
Confusion matrix
[[359 121]
 [107 587]]
AUC Score: 0.796868996158

Processing for 3 4 0 ...
Converting tags txt to tags csv
Converting tags CSV to classification CSV...
Converting video frame JSONs to window CSVs...
Converting window CSVs to train/test split...
Model training started...
Crossval F1: 0.91 (+/- 0.03)
ExtraTreesClassifier F1 score: 0.866279069767
Confusion matrix
[[394  86]
 [ 98 596]]
AUC Score: 0.839811479347

Processing for 5 0 0 ...
Converting tags txt to tags csv
Converting tags CSV to classification CSV...
Converting video frame JSONs to window CSVs...
Converting window CSVs to train/test split...
Model training started...
Crossval F1: 0.72 (+/- 0.09)
GaussianNB F1 score: 0.731829573935
Confusion matrix
[[192  89]
 [125 292]]
AUC Score: 0.691756914753

Processing for 5 1 0 ...
Converting tags txt to tags csv
Converting tags CSV to classification CSV...
Converting video frame JSONs to window CSVs...
Converting window CSVs to train/test split...
Model training started...
Crossval F1: 0.84 (+/- 0.05)
MLPClassifier F1 score: 0.859770114943
Confusion matrix
[[202  79]
 [ 43 374]]
AUC Score: 0.807871851985

Processing for 5 2 0 ...
Converting tags txt to tags csv
Converting tags CSV to classification CSV...
Converting video frame JSONs to window CSVs...
Converting window CSVs to train/test split...
Model training started...
Crossval F1: 0.76 (+/- 0.06)
SVC F1 score: 0.779187817259
Confusion matrix
[[217  64]
 [110 307]]
AUC Score: 0.754226512029

Processing for 5 3 0 ...
Converting tags txt to tags csv
Converting tags CSV to classification CSV...
Converting video frame JSONs to window CSVs...
Converting window CSVs to train/test split...
Model training started...
Crossval F1: 0.89 (+/- 0.03)
AdaBoostClassifier F1 score: 0.875444839858
Confusion matrix
[[224  57]
 [ 48 369]]
AUC Score: 0.841022555621

Processing for 5 4 0 ...
Converting tags txt to tags csv
Converting tags CSV to classification CSV...
Converting video frame JSONs to window CSVs...
Converting window CSVs to train/test split...
Model training started...
Crossval F1: 0.90 (+/- 0.02)
ExtraTreesClassifier F1 score: 0.869671132765
Confusion matrix
[[234  47]
 [ 60 357]]
AUC Score: 0.844427660718

Processing for 7 0 0 ...
Converting tags txt to tags csv
Converting tags CSV to classification CSV...
Converting video frame JSONs to window CSVs...
Converting window CSVs to train/test split...
Model training started...
Crossval F1: 0.71 (+/- 0.10)
GaussianNB F1 score: 0.734982332155
Confusion matrix
[[133  61]
 [ 89 208]]
AUC Score: 0.692951855323

Processing for 7 1 0 ...
Converting tags txt to tags csv
Converting tags CSV to classification CSV...
Converting video frame JSONs to window CSVs...
Converting window CSVs to train/test split...
Model training started...
Crossval F1: 0.82 (+/- 0.07)
MLPClassifier F1 score: 0.847972972973
Confusion matrix
[[150  44]
 [ 46 251]]
AUC Score: 0.809156860703

Processing for 7 2 0 ...
Converting tags txt to tags csv
Converting tags CSV to classification CSV...
Converting video frame JSONs to window CSVs...
Converting window CSVs to train/test split...
Model training started...
Crossval F1: 0.76 (+/- 0.04)
SVC F1 score: 0.779174147217
Confusion matrix
[[151  43]
 [ 80 217]]
AUC Score: 0.754495123052

Processing for 7 3 0 ...
Converting tags txt to tags csv
Converting tags CSV to classification CSV...
Converting video frame JSONs to window CSVs...
Converting window CSVs to train/test split...
Model training started...
Crossval F1: 0.87 (+/- 0.06)
AdaBoostClassifier F1 score: 0.88961038961
Confusion matrix
[[149  45]
 [ 23 274]]
AUC Score: 0.845300079836

Processing for 7 4 0 ...
Converting tags txt to tags csv
Converting tags CSV to classification CSV...
Converting video frame JSONs to window CSVs...
Converting window CSVs to train/test split...
Model training started...
Crossval F1: 0.89 (+/- 0.06)
ExtraTreesClassifier F1 score: 0.851724137931
Confusion matrix
[[158  36]
 [ 50 247]]
AUC Score: 0.82304141067

Processing for 9 0 0 ...
Converting tags txt to tags csv
Converting tags CSV to classification CSV...
Converting video frame JSONs to window CSVs...
Converting window CSVs to train/test split...
Model training started...
Crossval F1: 0.72 (+/- 0.08)
GaussianNB F1 score: 0.72602739726
Confusion matrix
[[ 97  46]
 [ 74 159]]
AUC Score: 0.680362555899

Processing for 9 1 0 ...
Converting tags txt to tags csv
Converting tags CSV to classification CSV...
Converting video frame JSONs to window CSVs...
Converting window CSVs to train/test split...
Model training started...
Crossval F1: 0.81 (+/- 0.08)
MLPClassifier F1 score: 0.833333333333
Confusion matrix
[[117  26]
 [ 48 185]]
AUC Score: 0.806086617245

Processing for 9 2 0 ...
Converting tags txt to tags csv
Converting tags CSV to classification CSV...
Converting video frame JSONs to window CSVs...
Converting window CSVs to train/test split...
Model training started...
Crossval F1: 0.76 (+/- 0.07)
SVC F1 score: 0.77494199536
Confusion matrix
[[112  31]
 [ 66 167]]
AUC Score: 0.749977490321

Processing for 9 3 0 ...
Converting tags txt to tags csv
Converting tags CSV to classification CSV...
Converting video frame JSONs to window CSVs...
Converting window CSVs to train/test split...
Model training started...
Crossval F1: 0.87 (+/- 0.05)
AdaBoostClassifier F1 score: 0.8669527897
Confusion matrix
[[112  31]
 [ 31 202]]
AUC Score: 0.825084786458

Processing for 9 4 0 ...
Converting tags txt to tags csv
Converting tags CSV to classification CSV...
Converting video frame JSONs to window CSVs...
Converting window CSVs to train/test split...
Model training started...
Crossval F1: 0.87 (+/- 0.04)
ExtraTreesClassifier F1 score: 0.846681922197
Confusion matrix
[[124  19]
 [ 48 185]]

Processing for 11 0 0 ...
Converting tags txt to tags csv
Converting tags CSV to classification CSV...
Converting video frame JSONs to window CSVs...
Converting window CSVs to train/test split...
Model training started...
Crossval F1: 0.72 (+/- 0.13)
GaussianNB F1 score: 0.725761772853
Confusion matrix
[[ 77  39]
 [ 60 131]]
AUC Score: 0.674828488897

Processing for 11 1 0 ...
Converting tags txt to tags csv
Converting tags CSV to classification CSV...
Converting video frame JSONs to window CSVs...
Converting window CSVs to train/test split...
Model training started...
Crossval F1: 0.80 (+/- 0.10)
MLPClassifier F1 score: 0.857881136951
Confusion matrix
[[ 86  30]
 [ 25 166]]
AUC Score: 0.805244628994

Processing for 11 2 0 ...
Converting tags txt to tags csv
Converting tags CSV to classification CSV...
Converting video frame JSONs to window CSVs...
Converting window CSVs to train/test split...
Model training started...
Crossval F1: 0.75 (+/- 0.10)
SVC F1 score: 0.76217765043
Confusion matrix
[[ 91  25]
 [ 58 133]]
AUC Score: 0.740408918577

Processing for 11 3 0 ...
Converting tags txt to tags csv
Converting tags CSV to classification CSV...
Converting video frame JSONs to window CSVs...
Converting window CSVs to train/test split...
Model training started...
Crossval F1: 0.86 (+/- 0.07)
AdaBoostClassifier F1 score: 0.865284974093
Confusion matrix
[[ 88  28]
 [ 24 167]]
AUC Score: 0.816483119697

Processing for 11 4 0 ...
Converting tags txt to tags csv
Converting tags CSV to classification CSV...
Converting video frame JSONs to window CSVs...
Converting window CSVs to train/test split...
Model training started...
Crossval F1: 0.87 (+/- 0.07)
ExtraTreesClassifier F1 score: 0.84126984127
Confusion matrix
[[ 88  28]
 [ 32 159]]
AUC Score: 0.79554071132

[[ 0.68411984  0.7992135   0.74676693  0.796869    0.83981148]
 [ 0.69175691  0.80787185  0.75422651  0.84102256  0.84442766]
 [ 0.69295186  0.80915686  0.75449512  0.84530008  0.82304141]
 [ 0.68036256  0.80608662  0.74997749  0.82508479  0.83056214]
 [ 0.67482849  0.80524463  0.74040892  0.81648312  0.79554071]]
