oot@e5541a9c1069:/dockershare/ssd# python seqproc_experiments.py -d
Processing for 3 3 0 ...
Converting tags txt to tags csv
Converting tags CSV to classification CSV...
Converting video frame JSONs to window CSVs...
Converting window CSVs to train/test split...
Model training started...
^[[A^[[BCrossval F1: 0.93 (+/- 0.01)
AdaBoostClassifier F1 score: 0.858585858586
Confusion matrix
[[383  97]
 [ 99 595]]
AUC Score: 0.827632684918
Processing for 5 3 0 ...
Converting tags txt to tags csv
Converting tags CSV to classification CSV...
Converting video frame JSONs to window CSVs...
Converting window CSVs to train/test split...
Model training started...
^[[A^[[BCrossval F1: 0.98 (+/- 0.00)
AdaBoostClassifier F1 score: 0.878680800942
Confusion matrix
[[222  59]
 [ 44 373]]
AUC Score: 0.842259999829
Processing for 7 3 0 ...
Converting tags txt to tags csv
Converting tags CSV to classification CSV...
Converting video frame JSONs to window CSVs...
Converting window CSVs to train/test split...
Model training started...
Crossval F1: 0.99 (+/- 0.00)
AdaBoostClassifier F1 score: 0.881188118812
Confusion matrix
[[152  42]
 [ 30 267]]
AUC Score: 0.841247526815
Processing for 9 3 0 ...
Converting tags txt to tags csv
Converting tags CSV to classification CSV...
Converting video frame JSONs to window CSVs...
Converting window CSVs to train/test split...
Model training started...
Crossval F1: 1.00 (+/- 0.00)
AdaBoostClassifier F1 score: 0.852813852814
Confusion matrix
[[111  32]
 [ 36 197]]
AUC Score: 0.810858669228
Processing for 11 3 0 ...
Converting tags txt to tags csv
Converting tags CSV to classification CSV...
Converting video frame JSONs to window CSVs...
Converting window CSVs to train/test split...
Model training started...
Crossval F1: 1.00 (+/- 0.00)
AdaBoostClassifier F1 score: 0.84693877551
Confusion matrix
[[ 81  35]
 [ 25 166]]
AUC Score: 0.783692904856
[[ 0.          0.          0.          0.82763268  0.        ]
 [ 0.          0.          0.          0.84226     0.        ]
 [ 0.          0.          0.          0.84124753  0.        ]
 [ 0.          0.          0.          0.81085867  0.        ]
 [ 0.          0.          0.          0.7836929   0.        ]]