50.624000
62.485000
61.824000
61.653000
62.400000
42.880000
61.355000
62.080000
62.827000
62.059000
62.464000
61.867000
62.357000
752.551800
845.845000
105.997000
300.047000
300.207000
301.454000
300.047000
300.047000
300.047000
299.797000
299.997000
298.837000
299.997000
299.997000
299.997000
181.359000
184.922000
61.952000
16.178333
120.000000
340.834000
120.000000
120.000000
120.000000
120.000000
120.000000
299.984000
301.934000
301.694000
299.997000
300.974000
299.997000
600.694000
599.647000
599.997000
599.997000
601.494000
168.997000
61.824000
61.653000
56.981000
62.933000
62.187000
61.120000
202.816000
19.328000
92.181000
38.628333
120.000000
119.960000
120.000000
120.000000
120.000000
123.520000
120.000000
120.000000
120.000000
299.987000
301.974000
301.974000
299.917000
299.917000
299.997000
299.917000
299.987000
299.927000
420.667000
600.974000
103.167000
94.014000
301.014000
300.477000
121.805000
283.801667
129.343333
121.805000
169.100000
36.188333
121.838333
121.005000
16.643333
121.271667
48.295000
231.153333
120.671667
120.671667
59.435000
121.105000
121.405000
123.473333
125.375000
75.978333
124.040000
703.988736
212.997870
208.997910
211.997880
224.997750
124.998750
122.998770
140.998590
181.998180
55.999440
86.999130
